<?xml version="1.0" encoding="UTF-8"?>
<!-- Generated by org.testng.reporters.JUnitReportReporter -->
<testsuite hostname="KNAKKA-M-2L1J" failures="0" tests="1" name="testRunner.TestRunner" time="25.941" errors="0" timestamp="2023-12-14T21:52:53 IST" skipped="0">
  <testcase classname="testRunner.TestRunner" name="runScenario" time="25.941"/>
  <system-out/>
</testsuite> <!-- testRunner.TestRunner -->
